This file contains any messages produced by compilers while
running configure, to aid debugging if configure makes a mistake.

It was created by uriparser configure 0.8.5, which was
generated by GNU Autoconf 2.69.  Invocation command line was

  $ ./configure 

## --------- ##
## Platform. ##
## --------- ##

hostname = Nguyens-MBP-9
uname -m = x86_64
uname -r = 17.5.0
uname -s = Darwin
uname -v = Darwin Kernel Version 17.5.0: Fri Apr 13 19:32:32 PDT 2018; root:xnu-4570.51.2~1/RELEASE_X86_64

/usr/bin/uname -p = i386
/bin/uname -X     = unknown

/bin/arch              = unknown
/usr/bin/arch -k       = unknown
/usr/convex/getsysinfo = unknown
/usr/bin/hostinfo      = Mach kernel version:
	 Darwin Kernel Version 17.5.0: Fri Apr 13 19:32:32 PDT 2018; root:xnu-4570.51.2~1/RELEASE_X86_64
Kernel configured for up to 4 processors.
2 processors are physically available.
4 processors are logically available.
Processor type: x86_64h (Intel x86-64h Haswell)
Processors active: 0 1 2 3
Primary memory available: 8.00 gigabytes
Default processor set: 352 tasks, 1787 threads, 4 processors
Load average: 2.58, Mach factor: 1.41
/bin/machine           = unknown
/usr/bin/oslevel       = unknown
/bin/universe          = unknown

PATH: /Users/nguyenlam/.rvm/gems/ruby-2.3.3/bin
PATH: /Users/nguyenlam/.rvm/gems/ruby-2.3.3@global/bin
PATH: /Users/nguyenlam/.rvm/rubies/ruby-2.3.3/bin
PATH: /Library/PostgreSQL/10/bin
PATH: /Library/Frameworks/Python.framework/Versions/2.7/bin
PATH: /Library/Frameworks/Python.framework/Versions/3.6/bin
PATH: /usr/local/bin
PATH: /usr/bin
PATH: /bin
PATH: /usr/sbin
PATH: /sbin
PATH: /Library/Frameworks/Mono.framework/Versions/Current/Commands
PATH: /Applications/Wireshark.app/Contents/MacOS
PATH: /Users/nguyenlam/.rvm/bin


## ----------- ##
## Core tests. ##
## ----------- ##

configure:2343: checking for a BSD-compatible install
configure:2411: result: /usr/local/bin/ginstall -c
configure:2422: checking whether build environment is sane
configure:2477: result: yes
configure:2628: checking for a thread-safe mkdir -p
configure:2667: result: /usr/local/bin/gmkdir -p
configure:2674: checking for gawk
configure:2704: result: no
configure:2674: checking for mawk
configure:2704: result: no
configure:2674: checking for nawk
configure:2704: result: no
configure:2674: checking for awk
configure:2690: found /usr/bin/awk
configure:2701: result: awk
configure:2712: checking whether make sets $(MAKE)
configure:2734: result: yes
configure:2763: checking whether make supports nested variables
configure:2780: result: yes
configure:2957: checking for gcc
configure:2973: found /usr/bin/gcc
configure:2984: result: gcc
configure:3213: checking for C compiler version
configure:3222: gcc --version >&5
Apple LLVM version 9.1.0 (clang-902.0.39.1)
Target: x86_64-apple-darwin17.5.0
Thread model: posix
InstalledDir: /Library/Developer/CommandLineTools/usr/bin
Configured with: --prefix=/Library/Developer/CommandLineTools/usr --with-gxx-include-dir=/usr/include/c++/4.2.1
configure:3233: $? = 0
configure:3222: gcc -v >&5
Configured with: --prefix=/Library/Developer/CommandLineTools/usr --with-gxx-include-dir=/usr/include/c++/4.2.1
Apple LLVM version 9.1.0 (clang-902.0.39.1)
Target: x86_64-apple-darwin17.5.0
Thread model: posix
InstalledDir: /Library/Developer/CommandLineTools/usr/bin
configure:3233: $? = 0
configure:3222: gcc -V >&5
clang: error: argument to '-V' is missing (expected 1 value)
clang: error: no input files
configure:3233: $? = 1
configure:3222: gcc -qversion >&5
clang: error: unknown argument: '-qversion'
clang: error: no input files
configure:3233: $? = 1
configure:3253: checking whether the C compiler works
configure:3275: gcc    conftest.c  >&5
configure:3279: $? = 0
configure:3327: result: yes
configure:3330: checking for C compiler default output file name
configure:3332: result: a.out
configure:3338: checking for suffix of executables
configure:3345: gcc -o conftest    conftest.c  >&5
configure:3349: $? = 0
configure:3371: result: 
configure:3393: checking whether we are cross compiling
configure:3401: gcc -o conftest    conftest.c  >&5
configure:3405: $? = 0
configure:3412: ./conftest
configure:3416: $? = 0
configure:3431: result: no
configure:3436: checking for suffix of object files
configure:3458: gcc -c   conftest.c >&5
configure:3462: $? = 0
configure:3483: result: o
configure:3487: checking whether we are using the GNU C compiler
configure:3506: gcc -c   conftest.c >&5
configure:3506: $? = 0
configure:3515: result: yes
configure:3524: checking whether gcc accepts -g
configure:3544: gcc -c -g  conftest.c >&5
configure:3544: $? = 0
configure:3585: result: yes
configure:3602: checking for gcc option to accept ISO C89
configure:3665: gcc  -c -g -O2  conftest.c >&5
configure:3665: $? = 0
configure:3678: result: none needed
configure:3703: checking whether gcc understands -c and -o together
configure:3725: gcc -c conftest.c -o conftest2.o
configure:3728: $? = 0
configure:3725: gcc -c conftest.c -o conftest2.o
configure:3728: $? = 0
configure:3740: result: yes
configure:3768: checking for style of include used by make
configure:3796: result: GNU
configure:3822: checking dependency style of gcc
configure:3933: result: gcc3
configure:4006: checking for g++
configure:4022: found /usr/bin/g++
configure:4033: result: g++
configure:4060: checking for C++ compiler version
configure:4069: g++ --version >&5
Apple LLVM version 9.1.0 (clang-902.0.39.1)
Target: x86_64-apple-darwin17.5.0
Thread model: posix
InstalledDir: /Library/Developer/CommandLineTools/usr/bin
Configured with: --prefix=/Library/Developer/CommandLineTools/usr --with-gxx-include-dir=/usr/include/c++/4.2.1
configure:4080: $? = 0
configure:4069: g++ -v >&5
Configured with: --prefix=/Library/Developer/CommandLineTools/usr --with-gxx-include-dir=/usr/include/c++/4.2.1
Apple LLVM version 9.1.0 (clang-902.0.39.1)
Target: x86_64-apple-darwin17.5.0
Thread model: posix
InstalledDir: /Library/Developer/CommandLineTools/usr/bin
configure:4080: $? = 0
configure:4069: g++ -V >&5
clang: error: argument to '-V' is missing (expected 1 value)
clang: error: no input files
configure:4080: $? = 1
configure:4069: g++ -qversion >&5
clang: error: unknown argument: '-qversion'
clang: error: no input files
configure:4080: $? = 1
configure:4084: checking whether we are using the GNU C++ compiler
configure:4103: g++ -c   conftest.cpp >&5
configure:4103: $? = 0
configure:4112: result: yes
configure:4121: checking whether g++ accepts -g
configure:4141: g++ -c -g  conftest.cpp >&5
configure:4141: $? = 0
configure:4182: result: yes
configure:4207: checking dependency style of g++
configure:4318: result: gcc3
configure:4362: checking build system type
configure:4376: result: x86_64-apple-darwin17.5.0
configure:4396: checking host system type
configure:4409: result: x86_64-apple-darwin17.5.0
configure:4450: checking how to print strings
configure:4477: result: printf
configure:4498: checking for a sed that does not truncate output
configure:4562: result: /usr/bin/sed
configure:4580: checking for grep that handles long lines and -e
configure:4638: result: /usr/bin/grep
configure:4643: checking for egrep
configure:4705: result: /usr/bin/grep -E
configure:4710: checking for fgrep
configure:4772: result: /usr/bin/grep -F
configure:4807: checking for ld used by gcc
configure:4874: result: /Library/Developer/CommandLineTools/usr/bin/ld
configure:4881: checking if the linker (/Library/Developer/CommandLineTools/usr/bin/ld) is GNU ld
configure:4896: result: no
configure:4908: checking for BSD- or MS-compatible name lister (nm)
configure:4962: result: /usr/bin/nm -B
configure:5092: checking the name lister (/usr/bin/nm -B) interface
configure:5099: gcc -c -g -O2  conftest.c >&5
configure:5102: /usr/bin/nm -B "conftest.o"
configure:5105: output
00000000000001d4 S _some_variable
configure:5112: result: BSD nm
configure:5115: checking whether ln -s works
configure:5119: result: yes
configure:5127: checking the maximum length of command line arguments
configure:5258: result: 196608
configure:5306: checking how to convert x86_64-apple-darwin17.5.0 file names to x86_64-apple-darwin17.5.0 format
configure:5346: result: func_convert_file_noop
configure:5353: checking how to convert x86_64-apple-darwin17.5.0 file names to toolchain format
configure:5373: result: func_convert_file_noop
configure:5380: checking for /Library/Developer/CommandLineTools/usr/bin/ld option to reload object files
configure:5387: result: -r
configure:5461: checking for objdump
configure:5477: found /usr/bin/objdump
configure:5488: result: objdump
configure:5520: checking how to recognize dependent libraries
configure:5720: result: pass_all
configure:5805: checking for dlltool
configure:5835: result: no
configure:5865: checking how to associate runtime and link libraries
configure:5892: result: printf %s\n
configure:5953: checking for ar
configure:5969: found /usr/bin/ar
configure:5980: result: ar
configure:6017: checking for archiver @FILE support
configure:6034: gcc -c -g -O2  conftest.c >&5
configure:6034: $? = 0
configure:6037: ar cru libconftest.a @conftest.lst >&5
ar: @conftest.lst: No such file or directory
configure:6040: $? = 1
configure:6060: result: no
configure:6118: checking for strip
configure:6134: found /usr/bin/strip
configure:6145: result: strip
configure:6217: checking for ranlib
configure:6233: found /usr/bin/ranlib
configure:6244: result: ranlib
configure:6346: checking command to parse /usr/bin/nm -B output from gcc object
configure:6499: gcc -c -g -O2  conftest.c >&5
configure:6502: $? = 0
configure:6506: /usr/bin/nm -B conftest.o \| sed -n -e 's/^.*[ ]\([BCDEGRST][BCDEGRST]*\)[ ][ ]*\([_A-Za-z][_A-Za-z0-9]*\)$/\1 \2 \2/p' | sed '/ __gnu_lto/d' \> conftest.nm
configure:6509: $? = 0
cannot find nm_test_var in conftest.nm
configure:6499: gcc -c -g -O2  conftest.c >&5
configure:6502: $? = 0
configure:6506: /usr/bin/nm -B conftest.o \| sed -n -e 's/^.*[ ]\([BCDEGRST][BCDEGRST]*\)[ ][ ]*_\([_A-Za-z][_A-Za-z0-9]*\)$/\1 _\2 \2/p' | sed '/ __gnu_lto/d' \> conftest.nm
configure:6509: $? = 0
configure:6575: gcc -o conftest -g -O2   conftest.c conftstm.o >&5
warning: (x86_64)  could not find object file symbol for symbol _main
configure:6578: $? = 0
configure:6616: result: ok
configure:6663: checking for sysroot
configure:6693: result: no
configure:6700: checking for a working dd
configure:6738: result: /bin/dd
configure:6742: checking how to truncate binary pipes
configure:6757: result: /bin/dd bs=4096 count=1
configure:7086: checking for mt
configure:7116: result: no
configure:7136: checking if : is a manifest tool
configure:7142: : '-?'
configure:7150: result: no
configure:7206: checking for dsymutil
configure:7222: found /usr/bin/dsymutil
configure:7233: result: dsymutil
configure:7298: checking for nmedit
configure:7314: found /usr/bin/nmedit
configure:7325: result: nmedit
configure:7390: checking for lipo
configure:7406: found /usr/bin/lipo
configure:7417: result: lipo
configure:7482: checking for otool
configure:7498: found /usr/bin/otool
configure:7509: result: otool
configure:7574: checking for otool64
configure:7604: result: no
configure:7649: checking for -single_module linker flag
gcc -g -O2  -o libconftest.dylib -dynamiclib -Wl,-single_module conftest.c
configure:7682: result: yes
configure:7685: checking for -exported_symbols_list linker flag
configure:7705: gcc -o conftest -g -O2   -Wl,-exported_symbols_list,conftest.sym conftest.c  >&5
configure:7705: $? = 0
configure:7715: result: yes
configure:7718: checking for -force_load linker flag
gcc -g -O2 -c -o conftest.o conftest.c
ar cru libconftest.a conftest.o
ranlib libconftest.a
gcc -g -O2  -o conftest conftest.c -Wl,-force_load,./libconftest.a
configure:7750: result: yes
configure:7827: checking how to run the C preprocessor
configure:7858: gcc -E  conftest.c
configure:7858: $? = 0
configure:7872: gcc -E  conftest.c
conftest.c:11:10: fatal error: 'ac_nonexistent.h' file not found
#include <ac_nonexistent.h>
         ^~~~~~~~~~~~~~~~~~
1 error generated.
configure:7872: $? = 1
configure: failed program was:
| /* confdefs.h */
| #define PACKAGE_NAME "uriparser"
| #define PACKAGE_TARNAME "uriparser"
| #define PACKAGE_VERSION "0.8.5"
| #define PACKAGE_STRING "uriparser 0.8.5"
| #define PACKAGE_BUGREPORT ""
| #define PACKAGE_URL ""
| #define PACKAGE "uriparser"
| #define VERSION "0.8.5"
| /* end confdefs.h.  */
| #include <ac_nonexistent.h>
configure:7897: result: gcc -E
configure:7917: gcc -E  conftest.c
configure:7917: $? = 0
configure:7931: gcc -E  conftest.c
conftest.c:11:10: fatal error: 'ac_nonexistent.h' file not found
#include <ac_nonexistent.h>
         ^~~~~~~~~~~~~~~~~~
1 error generated.
configure:7931: $? = 1
configure: failed program was:
| /* confdefs.h */
| #define PACKAGE_NAME "uriparser"
| #define PACKAGE_TARNAME "uriparser"
| #define PACKAGE_VERSION "0.8.5"
| #define PACKAGE_STRING "uriparser 0.8.5"
| #define PACKAGE_BUGREPORT ""
| #define PACKAGE_URL ""
| #define PACKAGE "uriparser"
| #define VERSION "0.8.5"
| /* end confdefs.h.  */
| #include <ac_nonexistent.h>
configure:7960: checking for ANSI C header files
configure:7980: gcc -c -g -O2  conftest.c >&5
configure:7980: $? = 0
configure:8053: gcc -o conftest -g -O2   conftest.c  >&5
configure:8053: $? = 0
configure:8053: ./conftest
configure:8053: $? = 0
configure:8064: result: yes
configure:8077: checking for sys/types.h
configure:8077: gcc -c -g -O2  conftest.c >&5
configure:8077: $? = 0
configure:8077: result: yes
configure:8077: checking for sys/stat.h
configure:8077: gcc -c -g -O2  conftest.c >&5
configure:8077: $? = 0
configure:8077: result: yes
configure:8077: checking for stdlib.h
configure:8077: gcc -c -g -O2  conftest.c >&5
configure:8077: $? = 0
configure:8077: result: yes
configure:8077: checking for string.h
configure:8077: gcc -c -g -O2  conftest.c >&5
configure:8077: $? = 0
configure:8077: result: yes
configure:8077: checking for memory.h
configure:8077: gcc -c -g -O2  conftest.c >&5
configure:8077: $? = 0
configure:8077: result: yes
configure:8077: checking for strings.h
configure:8077: gcc -c -g -O2  conftest.c >&5
configure:8077: $? = 0
configure:8077: result: yes
configure:8077: checking for inttypes.h
configure:8077: gcc -c -g -O2  conftest.c >&5
configure:8077: $? = 0
configure:8077: result: yes
configure:8077: checking for stdint.h
configure:8077: gcc -c -g -O2  conftest.c >&5
configure:8077: $? = 0
configure:8077: result: yes
configure:8077: checking for unistd.h
configure:8077: gcc -c -g -O2  conftest.c >&5
configure:8077: $? = 0
configure:8077: result: yes
configure:8091: checking for dlfcn.h
configure:8091: gcc -c -g -O2  conftest.c >&5
configure:8091: $? = 0
configure:8091: result: yes
configure:8358: checking for objdir
configure:8373: result: .libs
configure:8637: checking if gcc supports -fno-rtti -fno-exceptions
configure:8655: gcc -c -g -O2  -fno-rtti -fno-exceptions conftest.c >&5
configure:8659: $? = 0
configure:8672: result: yes
configure:9030: checking for gcc option to produce PIC
configure:9037: result: -fno-common -DPIC
configure:9045: checking if gcc PIC flag -fno-common -DPIC works
configure:9063: gcc -c -g -O2  -fno-common -DPIC -DPIC conftest.c >&5
configure:9067: $? = 0
configure:9080: result: yes
configure:9109: checking if gcc static flag -static works
configure:9137: result: no
configure:9152: checking if gcc supports -c -o file.o
configure:9173: gcc -c -g -O2  -o out/conftest2.o conftest.c >&5
configure:9177: $? = 0
configure:9199: result: yes
configure:9207: checking if gcc supports -c -o file.o
configure:9254: result: yes
configure:9287: checking whether the gcc linker (/Library/Developer/CommandLineTools/usr/bin/ld) supports shared libraries
configure:10546: result: yes
configure:10786: checking dynamic linker characteristics
configure:11617: result: darwin17.5.0 dyld
configure:11739: checking how to hardcode library paths into programs
configure:11764: result: immediate
configure:12312: checking whether stripping libraries is possible
configure:12326: result: yes
configure:12352: checking if libtool supports shared libraries
configure:12354: result: yes
configure:12357: checking whether to build shared libraries
configure:12382: result: yes
configure:12385: checking whether to build static libraries
configure:12389: result: yes
configure:12412: checking how to run the C++ preprocessor
configure:12439: g++ -E  conftest.cpp
configure:12439: $? = 0
configure:12453: g++ -E  conftest.cpp
conftest.cpp:23:10: fatal error: 'ac_nonexistent.h' file not found
#include <ac_nonexistent.h>
         ^~~~~~~~~~~~~~~~~~
1 error generated.
configure:12453: $? = 1
configure: failed program was:
| /* confdefs.h */
| #define PACKAGE_NAME "uriparser"
| #define PACKAGE_TARNAME "uriparser"
| #define PACKAGE_VERSION "0.8.5"
| #define PACKAGE_STRING "uriparser 0.8.5"
| #define PACKAGE_BUGREPORT ""
| #define PACKAGE_URL ""
| #define PACKAGE "uriparser"
| #define VERSION "0.8.5"
| #define STDC_HEADERS 1
| #define HAVE_SYS_TYPES_H 1
| #define HAVE_SYS_STAT_H 1
| #define HAVE_STDLIB_H 1
| #define HAVE_STRING_H 1
| #define HAVE_MEMORY_H 1
| #define HAVE_STRINGS_H 1
| #define HAVE_INTTYPES_H 1
| #define HAVE_STDINT_H 1
| #define HAVE_UNISTD_H 1
| #define HAVE_DLFCN_H 1
| #define LT_OBJDIR ".libs/"
| /* end confdefs.h.  */
| #include <ac_nonexistent.h>
configure:12478: result: g++ -E
configure:12498: g++ -E  conftest.cpp
configure:12498: $? = 0
configure:12512: g++ -E  conftest.cpp
conftest.cpp:23:10: fatal error: 'ac_nonexistent.h' file not found
#include <ac_nonexistent.h>
         ^~~~~~~~~~~~~~~~~~
1 error generated.
configure:12512: $? = 1
configure: failed program was:
| /* confdefs.h */
| #define PACKAGE_NAME "uriparser"
| #define PACKAGE_TARNAME "uriparser"
| #define PACKAGE_VERSION "0.8.5"
| #define PACKAGE_STRING "uriparser 0.8.5"
| #define PACKAGE_BUGREPORT ""
| #define PACKAGE_URL ""
| #define PACKAGE "uriparser"
| #define VERSION "0.8.5"
| #define STDC_HEADERS 1
| #define HAVE_SYS_TYPES_H 1
| #define HAVE_SYS_STAT_H 1
| #define HAVE_STDLIB_H 1
| #define HAVE_STRING_H 1
| #define HAVE_MEMORY_H 1
| #define HAVE_STRINGS_H 1
| #define HAVE_INTTYPES_H 1
| #define HAVE_STDINT_H 1
| #define HAVE_UNISTD_H 1
| #define HAVE_DLFCN_H 1
| #define LT_OBJDIR ".libs/"
| /* end confdefs.h.  */
| #include <ac_nonexistent.h>
configure:12674: checking for ld used by g++
configure:12741: result: /Library/Developer/CommandLineTools/usr/bin/ld
configure:12748: checking if the linker (/Library/Developer/CommandLineTools/usr/bin/ld) is GNU ld
configure:12763: result: no
configure:12818: checking whether the g++ linker (/Library/Developer/CommandLineTools/usr/bin/ld) supports shared libraries
configure:13891: result: yes
configure:13927: g++ -c -g -O2  conftest.cpp >&5
configure:13930: $? = 0
configure:14411: checking for g++ option to produce PIC
configure:14418: result: -fno-common -DPIC
configure:14426: checking if g++ PIC flag -fno-common -DPIC works
configure:14444: g++ -c -g -O2  -fno-common -DPIC -DPIC conftest.cpp >&5
configure:14448: $? = 0
configure:14461: result: yes
configure:14484: checking if g++ static flag -static works
configure:14512: result: no
configure:14524: checking if g++ supports -c -o file.o
configure:14545: g++ -c -g -O2  -o out/conftest2.o conftest.cpp >&5
configure:14549: $? = 0
configure:14571: result: yes
configure:14576: checking if g++ supports -c -o file.o
configure:14623: result: yes
configure:14653: checking whether the g++ linker (/Library/Developer/CommandLineTools/usr/bin/ld) supports shared libraries
configure:14693: result: yes
configure:14834: checking dynamic linker characteristics
configure:15592: result: darwin17.5.0 dyld
configure:15657: checking how to hardcode library paths into programs
configure:15682: result: immediate
configure:15743: checking for ANSI C header files
configure:15847: result: yes
configure:15874: checking for wprintf
configure:15887: gcc -o conftest -g -O2   conftest.c  >&5
configure:15887: $? = 0
configure:15892: result: yes
configure:16000: checking for pkg-config
configure:16018: found /usr/local/bin/pkg-config
configure:16030: result: /usr/local/bin/pkg-config
configure:16055: checking pkg-config is at least version 0.9.0
configure:16058: result: yes
configure:16068: checking for CPPTEST
configure:16077: $PKG_CONFIG --exists --print-errors "
		libcpptest >= 1.1.0
	"
configure:16082: $? = 0
configure:16100: $PKG_CONFIG --exists --print-errors "
		libcpptest >= 1.1.0
	"
configure:16105: $? = 0
configure:16157: result: yes
configure:16227: checking for doxygen
configure:16243: found /usr/local/bin/doxygen
configure:16255: result: found
configure:16270: checking for dot
configure:16286: found /usr/local/bin/dot
configure:16298: result: found
configure:16449: checking that generated files are newer than configure
configure:16455: result: done
configure:16494: creating ./config.status

## ---------------------- ##
## Running config.status. ##
## ---------------------- ##

This file was extended by uriparser config.status 0.8.5, which was
generated by GNU Autoconf 2.69.  Invocation command line was

  CONFIG_FILES    = 
  CONFIG_HEADERS  = 
  CONFIG_LINKS    = 
  CONFIG_COMMANDS = 
  $ ./config.status 

on Nguyens-MBP-9

config.status:1165: creating liburiparser.pc
config.status:1165: creating Makefile
config.status:1165: creating doc/Makefile
config.status:1165: creating doc/Doxyfile
config.status:1165: creating doc/release.sh
config.status:1165: creating test/config.h
config.status:1394: executing depfiles commands
config.status:1394: executing libtool commands

## ---------------- ##
## Cache variables. ##
## ---------------- ##

ac_cv_build=x86_64-apple-darwin17.5.0
ac_cv_c_compiler_gnu=yes
ac_cv_cxx_compiler_gnu=yes
ac_cv_env_CCC_set=
ac_cv_env_CCC_value=
ac_cv_env_CC_set=
ac_cv_env_CC_value=
ac_cv_env_CFLAGS_set=
ac_cv_env_CFLAGS_value=
ac_cv_env_CPPFLAGS_set=
ac_cv_env_CPPFLAGS_value=
ac_cv_env_CPPTEST_CFLAGS_set=
ac_cv_env_CPPTEST_CFLAGS_value=
ac_cv_env_CPPTEST_LIBS_set=
ac_cv_env_CPPTEST_LIBS_value=
ac_cv_env_CPP_set=
ac_cv_env_CPP_value=
ac_cv_env_CXXCPP_set=
ac_cv_env_CXXCPP_value=
ac_cv_env_CXXFLAGS_set=
ac_cv_env_CXXFLAGS_value=
ac_cv_env_CXX_set=
ac_cv_env_CXX_value=
ac_cv_env_LDFLAGS_set=
ac_cv_env_LDFLAGS_value=
ac_cv_env_LIBS_set=
ac_cv_env_LIBS_value=
ac_cv_env_LT_SYS_LIBRARY_PATH_set=
ac_cv_env_LT_SYS_LIBRARY_PATH_value=
ac_cv_env_PKG_CONFIG_LIBDIR_set=
ac_cv_env_PKG_CONFIG_LIBDIR_value=
ac_cv_env_PKG_CONFIG_PATH_set=
ac_cv_env_PKG_CONFIG_PATH_value=
ac_cv_env_PKG_CONFIG_set=
ac_cv_env_PKG_CONFIG_value=
ac_cv_env_build_alias_set=
ac_cv_env_build_alias_value=
ac_cv_env_host_alias_set=
ac_cv_env_host_alias_value=
ac_cv_env_target_alias_set=
ac_cv_env_target_alias_value=
ac_cv_header_dlfcn_h=yes
ac_cv_header_inttypes_h=yes
ac_cv_header_memory_h=yes
ac_cv_header_stdc=yes
ac_cv_header_stdint_h=yes
ac_cv_header_stdlib_h=yes
ac_cv_header_string_h=yes
ac_cv_header_strings_h=yes
ac_cv_header_sys_stat_h=yes
ac_cv_header_sys_types_h=yes
ac_cv_header_unistd_h=yes
ac_cv_host=x86_64-apple-darwin17.5.0
ac_cv_objext=o
ac_cv_path_EGREP='/usr/bin/grep -E'
ac_cv_path_FGREP='/usr/bin/grep -F'
ac_cv_path_GREP=/usr/bin/grep
ac_cv_path_SED=/usr/bin/sed
ac_cv_path_ac_pt_PKG_CONFIG=/usr/local/bin/pkg-config
ac_cv_path_install='/usr/local/bin/ginstall -c'
ac_cv_path_lt_DD=/bin/dd
ac_cv_path_mkdir=/usr/local/bin/gmkdir
ac_cv_prog_AWK=awk
ac_cv_prog_CPP='gcc -E'
ac_cv_prog_CXXCPP='g++ -E'
ac_cv_prog_DOXY_CHECK=found
ac_cv_prog_GRAPHVIZ_CHECK=found
ac_cv_prog_ac_ct_AR=ar
ac_cv_prog_ac_ct_CC=gcc
ac_cv_prog_ac_ct_CXX=g++
ac_cv_prog_ac_ct_DSYMUTIL=dsymutil
ac_cv_prog_ac_ct_LIPO=lipo
ac_cv_prog_ac_ct_NMEDIT=nmedit
ac_cv_prog_ac_ct_OBJDUMP=objdump
ac_cv_prog_ac_ct_OTOOL=otool
ac_cv_prog_ac_ct_RANLIB=ranlib
ac_cv_prog_ac_ct_STRIP=strip
ac_cv_prog_cc_c89=
ac_cv_prog_cc_g=yes
ac_cv_prog_cxx_g=yes
ac_cv_prog_make_make_set=yes
am_cv_CC_dependencies_compiler_type=gcc3
am_cv_CXX_dependencies_compiler_type=gcc3
am_cv_make_support_nested_variables=yes
am_cv_prog_cc_c_o=yes
lt_cv_apple_cc_single_mod=yes
lt_cv_ar_at_file=no
lt_cv_deplibs_check_method=pass_all
lt_cv_file_magic_cmd='$MAGIC_CMD'
lt_cv_file_magic_test_file=
lt_cv_ld_exported_symbols_list=yes
lt_cv_ld_force_load=yes
lt_cv_ld_reload_flag=-r
lt_cv_nm_interface='BSD nm'
lt_cv_objdir=.libs
lt_cv_path_LD=/Library/Developer/CommandLineTools/usr/bin/ld
lt_cv_path_LDCXX=/Library/Developer/CommandLineTools/usr/bin/ld
lt_cv_path_NM='/usr/bin/nm -B'
lt_cv_path_mainfest_tool=no
lt_cv_prog_compiler_c_o=yes
lt_cv_prog_compiler_c_o_CXX=yes
lt_cv_prog_compiler_pic='-fno-common -DPIC'
lt_cv_prog_compiler_pic_CXX='-fno-common -DPIC'
lt_cv_prog_compiler_pic_works=yes
lt_cv_prog_compiler_pic_works_CXX=yes
lt_cv_prog_compiler_rtti_exceptions=yes
lt_cv_prog_compiler_static_works=no
lt_cv_prog_compiler_static_works_CXX=no
lt_cv_prog_gnu_ld=no
lt_cv_prog_gnu_ldcxx=no
lt_cv_sharedlib_from_linklib_cmd='printf %s\n'
lt_cv_sys_global_symbol_pipe='sed -n -e '\''s/^.*[	 ]\([BCDEGRST][BCDEGRST]*\)[	 ][	 ]*_\([_A-Za-z][_A-Za-z0-9]*\)$/\1 _\2 \2/p'\'' | sed '\''/ __gnu_lto/d'\'''
lt_cv_sys_global_symbol_to_c_name_address='sed -n -e '\''s/^: \(.*\) .*$/  {"\1", (void *) 0},/p'\'' -e '\''s/^[BCDEGRST][BCDEGRST]* .* \(.*\)$/  {"\1", (void *) \&\1},/p'\'''
lt_cv_sys_global_symbol_to_c_name_address_lib_prefix='sed -n -e '\''s/^: \(.*\) .*$/  {"\1", (void *) 0},/p'\'' -e '\''s/^[BCDEGRST][BCDEGRST]* .* \(lib.*\)$/  {"\1", (void *) \&\1},/p'\'' -e '\''s/^[BCDEGRST][BCDEGRST]* .* \(.*\)$/  {"lib\1", (void *) \&\1},/p'\'''
lt_cv_sys_global_symbol_to_cdecl='sed -n -e '\''s/^T .* \(.*\)$/extern int \1();/p'\'' -e '\''s/^[BCDEGRST][BCDEGRST]* .* \(.*\)$/extern char \1;/p'\'''
lt_cv_sys_global_symbol_to_import=
lt_cv_sys_max_cmd_len=196608
lt_cv_to_host_file_cmd=func_convert_file_noop
lt_cv_to_tool_file_cmd=func_convert_file_noop
lt_cv_truncate_bin='/bin/dd bs=4096 count=1'
pkg_cv_CPPTEST_CFLAGS=-I/usr/local/Cellar/cpptest/1.1.2/include
pkg_cv_CPPTEST_LIBS='-L/usr/local/Cellar/cpptest/1.1.2/lib -lcpptest'

## ----------------- ##
## Output variables. ##
## ----------------- ##

ACLOCAL='${SHELL} /Users/nguyenlam/desktop/uriparser-0.8.5/build-aux/missing aclocal-1.15'
AMDEPBACKSLASH='\'
AMDEP_FALSE='#'
AMDEP_TRUE=''
AMTAR='$${TAR-tar}'
AM_BACKSLASH='\'
AM_DEFAULT_V='$(AM_DEFAULT_VERBOSITY)'
AM_DEFAULT_VERBOSITY='1'
AM_V='$(V)'
AR='ar'
AUTOCONF='${SHELL} /Users/nguyenlam/desktop/uriparser-0.8.5/build-aux/missing autoconf'
AUTOHEADER='${SHELL} /Users/nguyenlam/desktop/uriparser-0.8.5/build-aux/missing autoheader'
AUTOMAKE='${SHELL} /Users/nguyenlam/desktop/uriparser-0.8.5/build-aux/missing automake-1.15'
AWK='awk'
CC='gcc'
CCDEPMODE='depmode=gcc3'
CFLAGS='-g -O2'
CPP='gcc -E'
CPPFLAGS='-I./include '
CPPTEST_CFLAGS='-I/usr/local/Cellar/cpptest/1.1.2/include'
CPPTEST_LIBS='-L/usr/local/Cellar/cpptest/1.1.2/lib -lcpptest'
CXX='g++'
CXXCPP='g++ -E'
CXXDEPMODE='depmode=gcc3'
CXXFLAGS='-g -O2'
CYGPATH_W='echo'
DEFS='-DHAVE_CONFIG_H'
DEPDIR='.deps'
DLLTOOL='false'
DOXY_CHECK='found'
DSYMUTIL='dsymutil'
DUMPBIN=''
ECHO_C='\c'
ECHO_N=''
ECHO_T=''
EGREP='/usr/bin/grep -E'
EXEEXT=''
FGREP='/usr/bin/grep -F'
GENERATE_HTMLHELP='NO'
GRAPHVIZ_CHECK='found'
GREP='/usr/bin/grep'
INSTALL_DATA='${INSTALL} -m 644'
INSTALL_PROGRAM='${INSTALL}'
INSTALL_SCRIPT='${INSTALL}'
INSTALL_STRIP_PROGRAM='$(install_sh) -c -s'
LD='/Library/Developer/CommandLineTools/usr/bin/ld'
LDFLAGS=''
LIBOBJS=''
LIBS=''
LIBTOOL='$(SHELL) $(top_builddir)/libtool'
LIPO='lipo'
LN_S='ln -s'
LTLIBOBJS=''
LT_SYS_LIBRARY_PATH=''
MAKEINFO='${SHELL} /Users/nguyenlam/desktop/uriparser-0.8.5/build-aux/missing makeinfo'
MANIFEST_TOOL=':'
MKDIR_P='/usr/local/bin/gmkdir -p'
NM='/usr/bin/nm -B'
NMEDIT='nmedit'
OBJDUMP='objdump'
OBJEXT='o'
OTOOL64=':'
OTOOL='otool'
PACKAGE='uriparser'
PACKAGE_BUGREPORT=''
PACKAGE_NAME='uriparser'
PACKAGE_STRING='uriparser 0.8.5'
PACKAGE_TARNAME='uriparser'
PACKAGE_URL=''
PACKAGE_VERSION='0.8.5'
PATH_SEPARATOR=':'
PKG_CONFIG='/usr/local/bin/pkg-config'
PKG_CONFIG_LIBDIR=''
PKG_CONFIG_PATH=''
QHG_LOCATION='qhelpgenerator'
RANLIB='ranlib'
SED='/usr/bin/sed'
SET_MAKE=''
SHELL='/bin/sh'
STRIP='strip'
URI_GENERATE_DOC_FALSE='#'
URI_GENERATE_DOC_TRUE=''
URI_TEST_ENABLED_FALSE='#'
URI_TEST_ENABLED_TRUE=''
VERSION='0.8.5'
WIN32_FALSE=''
WIN32_TRUE='#'
ac_abs_confdir='/Users/nguyenlam/desktop/uriparser-0.8.5'
ac_ct_AR='ar'
ac_ct_CC='gcc'
ac_ct_CXX='g++'
ac_ct_DUMPBIN=''
am__EXEEXT_FALSE=''
am__EXEEXT_TRUE='#'
am__fastdepCC_FALSE='#'
am__fastdepCC_TRUE=''
am__fastdepCXX_FALSE='#'
am__fastdepCXX_TRUE=''
am__include='include'
am__isrc=''
am__leading_dot='.'
am__nodep='_no'
am__quote=''
am__tar='$${TAR-tar} chof - "$$tardir"'
am__untar='$${TAR-tar} xf -'
bindir='${exec_prefix}/bin'
build='x86_64-apple-darwin17.5.0'
build_alias=''
build_cpu='x86_64'
build_os='darwin17.5.0'
build_vendor='apple'
datadir='${datarootdir}'
datarootdir='${prefix}/share'
docdir='${datarootdir}/doc/${PACKAGE_TARNAME}'
dvidir='${docdir}'
exec_prefix='${prefix}'
host='x86_64-apple-darwin17.5.0'
host_alias=''
host_cpu='x86_64'
host_os='darwin17.5.0'
host_vendor='apple'
htmldir='${docdir}'
includedir='${prefix}/include'
infodir='${datarootdir}/info'
install_sh='${SHELL} /Users/nguyenlam/desktop/uriparser-0.8.5/build-aux/install-sh'
libdir='${exec_prefix}/lib'
libexecdir='${exec_prefix}/libexec'
localedir='${datarootdir}/locale'
localstatedir='${prefix}/var'
mandir='${datarootdir}/man'
mkdir_p='$(MKDIR_P)'
oldincludedir='/usr/include'
pdfdir='${docdir}'
prefix='/usr/local'
program_transform_name='s,x,x,'
psdir='${docdir}'
sbindir='${exec_prefix}/sbin'
sharedstatedir='${prefix}/com'
sysconfdir='${prefix}/etc'
target_alias=''

## ----------- ##
## confdefs.h. ##
## ----------- ##

/* confdefs.h */
#define PACKAGE_NAME "uriparser"
#define PACKAGE_TARNAME "uriparser"
#define PACKAGE_VERSION "0.8.5"
#define PACKAGE_STRING "uriparser 0.8.5"
#define PACKAGE_BUGREPORT ""
#define PACKAGE_URL ""
#define PACKAGE "uriparser"
#define VERSION "0.8.5"
#define STDC_HEADERS 1
#define HAVE_SYS_TYPES_H 1
#define HAVE_SYS_STAT_H 1
#define HAVE_STDLIB_H 1
#define HAVE_STRING_H 1
#define HAVE_MEMORY_H 1
#define HAVE_STRINGS_H 1
#define HAVE_INTTYPES_H 1
#define HAVE_STDINT_H 1
#define HAVE_UNISTD_H 1
#define HAVE_DLFCN_H 1
#define LT_OBJDIR ".libs/"
#define STDC_HEADERS 1
#define HAVE_WPRINTF /**/

configure: exit 0
